<?xml version="1.0" encoding="UTF-8"?>
<!-- Generated by org.testng.reporters.JUnitReportReporter -->
<testsuite skipped="0" hostname="Pavaos-MacBook-Pro.local" name="hr.pb.fer.srsv.test.KompleksniTest" tests="1" failures="0" timestamp="2020-10-20T15:19:45 CEST" time="83.022" errors="0">
  <testcase name="punoRaskrizje" time="83.022" classname="hr.pb.fer.srsv.test.KompleksniTest"/>
  <system-out/>
</testsuite> <!-- hr.pb.fer.srsv.test.KompleksniTest -->
