<?xml version="1.0" encoding="UTF-8"?>
<!-- Generated by org.testng.reporters.JUnitReportReporter -->
<testsuite skipped="0" hostname="Pavaos-MacBook-Pro.local" name="hr.pb.fer.srsv.test.PjesakTest" tests="8" failures="0" timestamp="2020-10-19T18:34:38 CEST" time="490.059" errors="0">
  <testcase name="SIsmjerZ" time="70.008" classname="hr.pb.fer.srsv.test.PjesakTest"/>
  <system-out/>
  <testcase name="JIsmjerS" time="70.010" classname="hr.pb.fer.srsv.test.PjesakTest"/>
  <system-out/>
  <testcase name="JZsmjerI" time="70.009" classname="hr.pb.fer.srsv.test.PjesakTest"/>
  <system-out/>
  <testcase name="JZsmjerS" time="70.005" classname="hr.pb.fer.srsv.test.PjesakTest"/>
  <system-out/>
  <testcase name="SZsmjerI" time="0.004" classname="hr.pb.fer.srsv.test.PjesakTest"/>
  <system-out/>
  <testcase name="JIsmjerZ" time="70.008" classname="hr.pb.fer.srsv.test.PjesakTest"/>
  <system-out/>
  <testcase name="SIsmjerJ" time="70.007" classname="hr.pb.fer.srsv.test.PjesakTest"/>
  <system-out/>
  <testcase name="SZsmjerJ" time="70.008" classname="hr.pb.fer.srsv.test.PjesakTest"/>
  <system-out/>
</testsuite> <!-- hr.pb.fer.srsv.test.PjesakTest -->
