<?xml version="1.0" encoding="UTF-8"?>
<!-- Generated by org.testng.reporters.JUnitReportReporter -->
<testsuite skipped="0" hostname="Pavaos-MacBook-Pro.local" name="hr.pb.fer.srsv.test.VoziloTest" tests="4" failures="0" timestamp="2020-10-19T18:42:08 CEST" time="160.028" errors="0">
  <testcase name="smjerI" time="40.015" classname="hr.pb.fer.srsv.test.VoziloTest"/>
  <system-out/>
  <testcase name="smjerJ" time="40.005" classname="hr.pb.fer.srsv.test.VoziloTest"/>
  <system-out/>
  <testcase name="smjerZ" time="40.004" classname="hr.pb.fer.srsv.test.VoziloTest"/>
  <system-out/>
  <testcase name="smjerS" time="40.004" classname="hr.pb.fer.srsv.test.VoziloTest"/>
  <system-out/>
</testsuite> <!-- hr.pb.fer.srsv.test.VoziloTest -->
