<?xml version="1.0" encoding="UTF-8"?>
<!-- Generated by org.testng.reporters.JUnitReportReporter -->
<testsuite skipped="0" hostname="Pavaos-MacBook-Pro.local" name="hr.pb.fer.srsv.test.KompleksniTest" tests="1" failures="0" timestamp="2020-11-01T13:38:57 CET" time="118.041" errors="0">
  <testcase name="punoRaskrizje" time="118.041" classname="hr.pb.fer.srsv.test.KompleksniTest"/>
  <system-out/>
</testsuite> <!-- hr.pb.fer.srsv.test.KompleksniTest -->
