<?xml version="1.0" encoding="UTF-8"?>
<!-- Generated by org.testng.reporters.JUnitReportReporter -->
<testsuite skipped="0" hostname="Pavaos-MacBook-Pro.local" name="hr.pb.fer.srsv.test.PjesakTest" tests="8" failures="0" timestamp="2020-11-01T13:56:16 CET" time="135.042" errors="0">
  <testcase name="SZsmjerI" time="5.011" classname="hr.pb.fer.srsv.test.PjesakTest"/>
  <system-out/>
  <testcase name="SZsmjerJ" time="5.006" classname="hr.pb.fer.srsv.test.PjesakTest"/>
  <system-out/>
  <testcase name="SIsmjerZ" time="5.008" classname="hr.pb.fer.srsv.test.PjesakTest"/>
  <system-out/>
  <testcase name="SIsmjerJ" time="5.007" classname="hr.pb.fer.srsv.test.PjesakTest"/>
  <system-out/>
  <testcase name="JZsmjerI" time="5.006" classname="hr.pb.fer.srsv.test.PjesakTest"/>
  <system-out/>
  <testcase name="JZsmjerS" time="5.010" classname="hr.pb.fer.srsv.test.PjesakTest"/>
  <system-out/>
  <testcase name="JIsmjerZ" time="5.005" classname="hr.pb.fer.srsv.test.PjesakTest"/>
  <system-out/>
  <testcase name="JIsmjerS" time="99.989" classname="hr.pb.fer.srsv.test.PjesakTest"/>
  <system-out/>
</testsuite> <!-- hr.pb.fer.srsv.test.PjesakTest -->
