<?xml version="1.0" encoding="UTF-8"?>
<!-- Generated by org.testng.reporters.JUnitReportReporter -->
<testsuite skipped="0" hostname="Pavaos-MacBook-Pro.local" name="hr.pb.fer.srsv.test.VoziloTest" tests="12" failures="0" timestamp="2020-11-01T13:59:29 CET" time="166.091" errors="0">
  <testcase name="smjerI" time="6.016" classname="hr.pb.fer.srsv.test.VoziloTest"/>
  <system-out/>
  <testcase name="smjerJ" time="6.005" classname="hr.pb.fer.srsv.test.VoziloTest"/>
  <system-out/>
  <testcase name="smjerZ" time="6.007" classname="hr.pb.fer.srsv.test.VoziloTest"/>
  <system-out/>
  <testcase name="smjerS" time="6.009" classname="hr.pb.fer.srsv.test.VoziloTest"/>
  <system-out/>
  <testcase name="smjerZS" time="6.007" classname="hr.pb.fer.srsv.test.VoziloTest"/>
  <system-out/>
  <testcase name="smjerSI" time="6.005" classname="hr.pb.fer.srsv.test.VoziloTest"/>
  <system-out/>
  <testcase name="smjerIJ" time="6.007" classname="hr.pb.fer.srsv.test.VoziloTest"/>
  <system-out/>
  <testcase name="smjerJZ" time="6.008" classname="hr.pb.fer.srsv.test.VoziloTest"/>
  <system-out/>
  <testcase name="smjerJI" time="6.006" classname="hr.pb.fer.srsv.test.VoziloTest"/>
  <system-out/>
  <testcase name="smjerSZ" time="6.007" classname="hr.pb.fer.srsv.test.VoziloTest"/>
  <system-out/>
  <testcase name="smjerIS" time="6.005" classname="hr.pb.fer.srsv.test.VoziloTest"/>
  <system-out/>
  <testcase name="smjerZJ" time="100.009" classname="hr.pb.fer.srsv.test.VoziloTest"/>
  <system-out/>
</testsuite> <!-- hr.pb.fer.srsv.test.VoziloTest -->
